<?xml version="1.0" encoding="UTF-8"?>
<!-- Generated by org.testng.reporters.JUnitXMLReporter -->
<testsuite ignored="0" hostname="LAPTOP-19F1EONB" failures="0" tests="5" name="Default test" time="29.232" errors="0" timestamp="2024-04-06T14:41:04 IST">
  <testcase classname="Com.TestCases.EnquiryPageTest" name="EnquiryPageTest" time="0.258"/>
  <testcase classname="Com.TestCases.EnquiryPageTest" name="EnquiryPageTest" time="0.282"/>
  <testcase classname="Com.TestCases.EnquiryPageTest" name="EnquiryPageTest" time="0.299"/>
  <testcase classname="Com.TestCases.EnquiryPageTest" name="EnquiryPageTest" time="0.23"/>
  <testcase classname="Com.TestCases.EnquiryPageTest" name="EnquiryPageTest" time="0.225"/>
</testsuite> <!-- Default test -->
