<?xml version="1.0" encoding="UTF-8"?>
<!-- Generated by org.testng.reporters.JUnitXMLReporter -->
<testsuite ignored="0" hostname="LAPTOP-19F1EONB" failures="0" tests="14" name="TSRTC App Test Cases " time="66.265" errors="0" timestamp="2024-04-12T19:48:20 IST">
  <testcase classname="Com.TestCases.LoginPageTest" name="TitleTest" time="0.025"/>
  <testcase classname="Com.TestCases.LoginPageTest" name="LogoTest" time="0.077"/>
  <testcase classname="Com.TestCases.LoginPageTest" name="loginTest" time="1.228"/>
  <testcase classname="Com.TestCases.BookingPageTest" name="VerifyBookingTitle" time="0.012"/>
  <testcase classname="Com.TestCases.BookingPageTest" name="VerifyLabelName" time="0.035"/>
  <testcase classname="Com.TestCases.BookingPageTest" name="BookingTestClick" time="0.084"/>
  <testcase classname="Com.TestCases.BookingPageTest" name="EnquiryPageTest" time="0.72"/>
  <testcase classname="Com.TestCases.EnquiryPageTest" name="EnquiryPageTest" time="0.253"/>
  <testcase classname="Com.TestCases.EnquiryPageTest" name="EnquiryPageTest" time="0.362"/>
  <testcase classname="Com.TestCases.EnquiryPageTest" name="EnquiryPageTest" time="0.255"/>
  <testcase classname="Com.TestCases.EnquiryPageTest" name="EnquiryPageTest" time="0.262"/>
  <testcase classname="Com.TestCases.EnquiryPageTest" name="EnquiryPageTest" time="0.251"/>
  <testcase classname="Com.TestCases.EnquiryPageTest" name="EnquiryPageTitleTest" time="0.011"/>
  <testcase classname="Com.TestCases.EnquiryPageTest" name="EnquiryPageLogo" time="0.049"/>
</testsuite> <!-- TSRTC App Test Cases  -->
